<?xml version="1.0" encoding="UTF-8"?>
<testsuite name="lecture04.CounterTest" tests="1001" skipped="1" failures="0" errors="0" timestamp="2025-01-03T21:05:09" hostname="macbook-pro.home" time="1.411">
  <properties/>
  <testcase name="repetition 1 of 1000" classname="lecture04.CounterTest" time="0.03"/>
  <testcase name="repetition 2 of 1000" classname="lecture04.CounterTest" time="0.002"/>
  <testcase name="repetition 3 of 1000" classname="lecture04.CounterTest" time="0.002"/>
  <testcase name="repetition 4 of 1000" classname="lecture04.CounterTest" time="0.002"/>
  <testcase name="repetition 5 of 1000" classname="lecture04.CounterTest" time="0.001"/>
  <testcase name="repetition 6 of 1000" classname="lecture04.CounterTest" time="0.002"/>
  <testcase name="repetition 7 of 1000" classname="lecture04.CounterTest" time="0.001"/>
  <testcase name="repetition 8 of 1000" classname="lecture04.CounterTest" time="0.001"/>
  <testcase name="repetition 9 of 1000" classname="lecture04.CounterTest" time="0.002"/>
  <testcase name="repetition 10 of 1000" classname="lecture04.CounterTest" time="0.001"/>
  <testcase name="repetition 11 of 1000" classname="lecture04.CounterTest" time="0.002"/>
  <testcase name="repetition 12 of 1000" classname="lecture04.CounterTest" time="0.001"/>
  <testcase name="repetition 13 of 1000" classname="lecture04.CounterTest" time="0.002"/>
  <testcase name="repetition 14 of 1000" classname="lecture04.CounterTest" time="0.003"/>
  <testcase name="repetition 15 of 1000" classname="lecture04.CounterTest" time="0.002"/>
  <testcase name="repetition 16 of 1000" classname="lecture04.CounterTest" time="0.001"/>
  <testcase name="repetition 17 of 1000" classname="lecture04.CounterTest" time="0.002"/>
  <testcase name="repetition 18 of 1000" classname="lecture04.CounterTest" time="0.002"/>
  <testcase name="repetition 19 of 1000" classname="lecture04.CounterTest" time="0.001"/>
  <testcase name="repetition 20 of 1000" classname="lecture04.CounterTest" time="0.001"/>
  <testcase name="repetition 21 of 1000" classname="lecture04.CounterTest" time="0.002"/>
  <testcase name="repetition 22 of 1000" classname="lecture04.CounterTest" time="0.001"/>
  <testcase name="repetition 23 of 1000" classname="lecture04.CounterTest" time="0.002"/>
  <testcase name="repetition 24 of 1000" classname="lecture04.CounterTest" time="0.001"/>
  <testcase name="repetition 25 of 1000" classname="lecture04.CounterTest" time="0.001"/>
  <testcase name="repetition 26 of 1000" classname="lecture04.CounterTest" time="0.001"/>
  <testcase name="repetition 27 of 1000" classname="lecture04.CounterTest" time="0.001"/>
  <testcase name="repetition 28 of 1000" classname="lecture04.CounterTest" time="0.002"/>
  <testcase name="repetition 29 of 1000" classname="lecture04.CounterTest" time="0.001"/>
  <testcase name="repetition 30 of 1000" classname="lecture04.CounterTest" time="0.001"/>
  <testcase name="repetition 31 of 1000" classname="lecture04.CounterTest" time="0.001"/>
  <testcase name="repetition 32 of 1000" classname="lecture04.CounterTest" time="0.001"/>
  <testcase name="repetition 33 of 1000" classname="lecture04.CounterTest" time="0.001"/>
  <testcase name="repetition 34 of 1000" classname="lecture04.CounterTest" time="0.001"/>
  <testcase name="repetition 35 of 1000" classname="lecture04.CounterTest" time="0.001"/>
  <testcase name="repetition 36 of 1000" classname="lecture04.CounterTest" time="0.001"/>
  <testcase name="repetition 37 of 1000" classname="lecture04.CounterTest" time="0.001"/>
  <testcase name="repetition 38 of 1000" classname="lecture04.CounterTest" time="0.001"/>
  <testcase name="repetition 39 of 1000" classname="lecture04.CounterTest" time="0.001"/>
  <testcase name="repetition 40 of 1000" classname="lecture04.CounterTest" time="0.001"/>
  <testcase name="repetition 41 of 1000" classname="lecture04.CounterTest" time="0.001"/>
  <testcase name="repetition 42 of 1000" classname="lecture04.CounterTest" time="0.001"/>
  <testcase name="repetition 43 of 1000" classname="lecture04.CounterTest" time="0.001"/>
  <testcase name="repetition 44 of 1000" classname="lecture04.CounterTest" time="0.001"/>
  <testcase name="repetition 45 of 1000" classname="lecture04.CounterTest" time="0.002"/>
  <testcase name="repetition 46 of 1000" classname="lecture04.CounterTest" time="0.001"/>
  <testcase name="repetition 47 of 1000" classname="lecture04.CounterTest" time="0.001"/>
  <testcase name="repetition 48 of 1000" classname="lecture04.CounterTest" time="0.002"/>
  <testcase name="repetition 49 of 1000" classname="lecture04.CounterTest" time="0.001"/>
  <testcase name="repetition 50 of 1000" classname="lecture04.CounterTest" time="0.001"/>
  <testcase name="repetition 51 of 1000" classname="lecture04.CounterTest" time="0.001"/>
  <testcase name="repetition 52 of 1000" classname="lecture04.CounterTest" time="0.001"/>
  <testcase name="repetition 53 of 1000" classname="lecture04.CounterTest" time="0.001"/>
  <testcase name="repetition 54 of 1000" classname="lecture04.CounterTest" time="0.001"/>
  <testcase name="repetition 55 of 1000" classname="lecture04.CounterTest" time="0.001"/>
  <testcase name="repetition 56 of 1000" classname="lecture04.CounterTest" time="0.001"/>
  <testcase name="repetition 57 of 1000" classname="lecture04.CounterTest" time="0.002"/>
  <testcase name="repetition 58 of 1000" classname="lecture04.CounterTest" time="0.001"/>
  <testcase name="repetition 59 of 1000" classname="lecture04.CounterTest" time="0.001"/>
  <testcase name="repetition 60 of 1000" classname="lecture04.CounterTest" time="0.001"/>
  <testcase name="repetition 61 of 1000" classname="lecture04.CounterTest" time="0.001"/>
  <testcase name="repetition 62 of 1000" classname="lecture04.CounterTest" time="0.001"/>
  <testcase name="repetition 63 of 1000" classname="lecture04.CounterTest" time="0.001"/>
  <testcase name="repetition 64 of 1000" classname="lecture04.CounterTest" time="0.001"/>
  <testcase name="repetition 65 of 1000" classname="lecture04.CounterTest" time="0.001"/>
  <testcase name="repetition 66 of 1000" classname="lecture04.CounterTest" time="0.001"/>
  <testcase name="repetition 67 of 1000" classname="lecture04.CounterTest" time="0.001"/>
  <testcase name="repetition 68 of 1000" classname="lecture04.CounterTest" time="0.001"/>
  <testcase name="repetition 69 of 1000" classname="lecture04.CounterTest" time="0.001"/>
  <testcase name="repetition 70 of 1000" classname="lecture04.CounterTest" time="0.001"/>
  <testcase name="repetition 71 of 1000" classname="lecture04.CounterTest" time="0.001"/>
  <testcase name="repetition 72 of 1000" classname="lecture04.CounterTest" time="0.001"/>
  <testcase name="repetition 73 of 1000" classname="lecture04.CounterTest" time="0.001"/>
  <testcase name="repetition 74 of 1000" classname="lecture04.CounterTest" time="0.001"/>
  <testcase name="repetition 75 of 1000" classname="lecture04.CounterTest" time="0.001"/>
  <testcase name="repetition 76 of 1000" classname="lecture04.CounterTest" time="0.001"/>
  <testcase name="repetition 77 of 1000" classname="lecture04.CounterTest" time="0.001"/>
  <testcase name="repetition 78 of 1000" classname="lecture04.CounterTest" time="0.001"/>
  <testcase name="repetition 79 of 1000" classname="lecture04.CounterTest" time="0.001"/>
  <testcase name="repetition 80 of 1000" classname="lecture04.CounterTest" time="0.001"/>
  <testcase name="repetition 81 of 1000" classname="lecture04.CounterTest" time="0.001"/>
  <testcase name="repetition 82 of 1000" classname="lecture04.CounterTest" time="0.001"/>
  <testcase name="repetition 83 of 1000" classname="lecture04.CounterTest" time="0.001"/>
  <testcase name="repetition 84 of 1000" classname="lecture04.CounterTest" time="0.001"/>
  <testcase name="repetition 85 of 1000" classname="lecture04.CounterTest" time="0.0"/>
  <testcase name="repetition 86 of 1000" classname="lecture04.CounterTest" time="0.001"/>
  <testcase name="repetition 87 of 1000" classname="lecture04.CounterTest" time="0.001"/>
  <testcase name="repetition 88 of 1000" classname="lecture04.CounterTest" time="0.001"/>
  <testcase name="repetition 89 of 1000" classname="lecture04.CounterTest" time="0.001"/>
  <testcase name="repetition 90 of 1000" classname="lecture04.CounterTest" time="0.001"/>
  <testcase name="repetition 91 of 1000" classname="lecture04.CounterTest" time="0.001"/>
  <testcase name="repetition 92 of 1000" classname="lecture04.CounterTest" time="0.001"/>
  <testcase name="repetition 93 of 1000" classname="lecture04.CounterTest" time="0.001"/>
  <testcase name="repetition 94 of 1000" classname="lecture04.CounterTest" time="0.001"/>
  <testcase name="repetition 95 of 1000" classname="lecture04.CounterTest" time="0.001"/>
  <testcase name="repetition 96 of 1000" classname="lecture04.CounterTest" time="0.002"/>
  <testcase name="repetition 97 of 1000" classname="lecture04.CounterTest" time="0.001"/>
  <testcase name="repetition 98 of 1000" classname="lecture04.CounterTest" time="0.001"/>
  <testcase name="repetition 99 of 1000" classname="lecture04.CounterTest" time="0.001"/>
  <testcase name="repetition 100 of 1000" classname="lecture04.CounterTest" time="0.001"/>
  <testcase name="repetition 101 of 1000" classname="lecture04.CounterTest" time="0.001"/>
  <testcase name="repetition 102 of 1000" classname="lecture04.CounterTest" time="0.001"/>
  <testcase name="repetition 103 of 1000" classname="lecture04.CounterTest" time="0.001"/>
  <testcase name="repetition 104 of 1000" classname="lecture04.CounterTest" time="0.001"/>
  <testcase name="repetition 105 of 1000" classname="lecture04.CounterTest" time="0.001"/>
  <testcase name="repetition 106 of 1000" classname="lecture04.CounterTest" time="0.002"/>
  <testcase name="repetition 107 of 1000" classname="lecture04.CounterTest" time="0.002"/>
  <testcase name="repetition 108 of 1000" classname="lecture04.CounterTest" time="0.002"/>
  <testcase name="repetition 109 of 1000" classname="lecture04.CounterTest" time="0.001"/>
  <testcase name="repetition 110 of 1000" classname="lecture04.CounterTest" time="0.001"/>
  <testcase name="repetition 111 of 1000" classname="lecture04.CounterTest" time="0.001"/>
  <testcase name="repetition 112 of 1000" classname="lecture04.CounterTest" time="0.001"/>
  <testcase name="repetition 113 of 1000" classname="lecture04.CounterTest" time="0.001"/>
  <testcase name="repetition 114 of 1000" classname="lecture04.CounterTest" time="0.001"/>
  <testcase name="repetition 115 of 1000" classname="lecture04.CounterTest" time="0.001"/>
  <testcase name="repetition 116 of 1000" classname="lecture04.CounterTest" time="0.001"/>
  <testcase name="repetition 117 of 1000" classname="lecture04.CounterTest" time="0.001"/>
  <testcase name="repetition 118 of 1000" classname="lecture04.CounterTest" time="0.001"/>
  <testcase name="repetition 119 of 1000" classname="lecture04.CounterTest" time="0.001"/>
  <testcase name="repetition 120 of 1000" classname="lecture04.CounterTest" time="0.002"/>
  <testcase name="repetition 121 of 1000" classname="lecture04.CounterTest" time="0.001"/>
  <testcase name="repetition 122 of 1000" classname="lecture04.CounterTest" time="0.001"/>
  <testcase name="repetition 123 of 1000" classname="lecture04.CounterTest" time="0.002"/>
  <testcase name="repetition 124 of 1000" classname="lecture04.CounterTest" time="0.001"/>
  <testcase name="repetition 125 of 1000" classname="lecture04.CounterTest" time="0.003"/>
  <testcase name="repetition 126 of 1000" classname="lecture04.CounterTest" time="0.002"/>
  <testcase name="repetition 127 of 1000" classname="lecture04.CounterTest" time="0.001"/>
  <testcase name="repetition 128 of 1000" classname="lecture04.CounterTest" time="0.001"/>
  <testcase name="repetition 129 of 1000" classname="lecture04.CounterTest" time="0.002"/>
  <testcase name="repetition 130 of 1000" classname="lecture04.CounterTest" time="0.001"/>
  <testcase name="repetition 131 of 1000" classname="lecture04.CounterTest" time="0.001"/>
  <testcase name="repetition 132 of 1000" classname="lecture04.CounterTest" time="0.001"/>
  <testcase name="repetition 133 of 1000" classname="lecture04.CounterTest" time="0.001"/>
  <testcase name="repetition 134 of 1000" classname="lecture04.CounterTest" time="0.001"/>
  <testcase name="repetition 135 of 1000" classname="lecture04.CounterTest" time="0.001"/>
  <testcase name="repetition 136 of 1000" classname="lecture04.CounterTest" time="0.001"/>
  <testcase name="repetition 137 of 1000" classname="lecture04.CounterTest" time="0.001"/>
  <testcase name="repetition 138 of 1000" classname="lecture04.CounterTest" time="0.001"/>
  <testcase name="repetition 139 of 1000" classname="lecture04.CounterTest" time="0.001"/>
  <testcase name="repetition 140 of 1000" classname="lecture04.CounterTest" time="0.001"/>
  <testcase name="repetition 141 of 1000" classname="lecture04.CounterTest" time="0.001"/>
  <testcase name="repetition 142 of 1000" classname="lecture04.CounterTest" time="0.001"/>
  <testcase name="repetition 143 of 1000" classname="lecture04.CounterTest" time="0.001"/>
  <testcase name="repetition 144 of 1000" classname="lecture04.CounterTest" time="0.001"/>
  <testcase name="repetition 145 of 1000" classname="lecture04.CounterTest" time="0.001"/>
  <testcase name="repetition 146 of 1000" classname="lecture04.CounterTest" time="0.001"/>
  <testcase name="repetition 147 of 1000" classname="lecture04.CounterTest" time="0.0"/>
  <testcase name="repetition 148 of 1000" classname="lecture04.CounterTest" time="0.001"/>
  <testcase name="repetition 149 of 1000" classname="lecture04.CounterTest" time="0.001"/>
  <testcase name="repetition 150 of 1000" classname="lecture04.CounterTest" time="0.001"/>
  <testcase name="repetition 151 of 1000" classname="lecture04.CounterTest" time="0.001"/>
  <testcase name="repetition 152 of 1000" classname="lecture04.CounterTest" time="0.001"/>
  <testcase name="repetition 153 of 1000" classname="lecture04.CounterTest" time="0.001"/>
  <testcase name="repetition 154 of 1000" classname="lecture04.CounterTest" time="0.001"/>
  <testcase name="repetition 155 of 1000" classname="lecture04.CounterTest" time="0.001"/>
  <testcase name="repetition 156 of 1000" classname="lecture04.CounterTest" time="0.001"/>
  <testcase name="repetition 157 of 1000" classname="lecture04.CounterTest" time="0.001"/>
  <testcase name="repetition 158 of 1000" classname="lecture04.CounterTest" time="0.002"/>
  <testcase name="repetition 159 of 1000" classname="lecture04.CounterTest" time="0.005"/>
  <testcase name="repetition 160 of 1000" classname="lecture04.CounterTest" time="0.001"/>
  <testcase name="repetition 161 of 1000" classname="lecture04.CounterTest" time="0.001"/>
  <testcase name="repetition 162 of 1000" classname="lecture04.CounterTest" time="0.001"/>
  <testcase name="repetition 163 of 1000" classname="lecture04.CounterTest" time="0.0"/>
  <testcase name="repetition 164 of 1000" classname="lecture04.CounterTest" time="0.001"/>
  <testcase name="repetition 165 of 1000" classname="lecture04.CounterTest" time="0.0"/>
  <testcase name="repetition 166 of 1000" classname="lecture04.CounterTest" time="0.001"/>
  <testcase name="repetition 167 of 1000" classname="lecture04.CounterTest" time="0.001"/>
  <testcase name="repetition 168 of 1000" classname="lecture04.CounterTest" time="0.001"/>
  <testcase name="repetition 169 of 1000" classname="lecture04.CounterTest" time="0.001"/>
  <testcase name="repetition 170 of 1000" classname="lecture04.CounterTest" time="0.001"/>
  <testcase name="repetition 171 of 1000" classname="lecture04.CounterTest" time="0.001"/>
  <testcase name="repetition 172 of 1000" classname="lecture04.CounterTest" time="0.0"/>
  <testcase name="repetition 173 of 1000" classname="lecture04.CounterTest" time="0.002"/>
  <testcase name="repetition 174 of 1000" classname="lecture04.CounterTest" time="0.001"/>
  <testcase name="repetition 175 of 1000" classname="lecture04.CounterTest" time="0.0"/>
  <testcase name="repetition 176 of 1000" classname="lecture04.CounterTest" time="0.001"/>
  <testcase name="repetition 177 of 1000" classname="lecture04.CounterTest" time="0.001"/>
  <testcase name="repetition 178 of 1000" classname="lecture04.CounterTest" time="0.001"/>
  <testcase name="repetition 179 of 1000" classname="lecture04.CounterTest" time="0.001"/>
  <testcase name="repetition 180 of 1000" classname="lecture04.CounterTest" time="0.001"/>
  <testcase name="repetition 181 of 1000" classname="lecture04.CounterTest" time="0.0"/>
  <testcase name="repetition 182 of 1000" classname="lecture04.CounterTest" time="0.0"/>
  <testcase name="repetition 183 of 1000" classname="lecture04.CounterTest" time="0.001"/>
  <testcase name="repetition 184 of 1000" classname="lecture04.CounterTest" time="0.002"/>
  <testcase name="repetition 185 of 1000" classname="lecture04.CounterTest" time="0.001"/>
  <testcase name="repetition 186 of 1000" classname="lecture04.CounterTest" time="0.001"/>
  <testcase name="repetition 187 of 1000" classname="lecture04.CounterTest" time="0.001"/>
  <testcase name="repetition 188 of 1000" classname="lecture04.CounterTest" time="0.001"/>
  <testcase name="repetition 189 of 1000" classname="lecture04.CounterTest" time="0.001"/>
  <testcase name="repetition 190 of 1000" classname="lecture04.CounterTest" time="0.001"/>
  <testcase name="repetition 191 of 1000" classname="lecture04.CounterTest" time="0.001"/>
  <testcase name="repetition 192 of 1000" classname="lecture04.CounterTest" time="0.001"/>
  <testcase name="repetition 193 of 1000" classname="lecture04.CounterTest" time="0.001"/>
  <testcase name="repetition 194 of 1000" classname="lecture04.CounterTest" time="0.001"/>
  <testcase name="repetition 195 of 1000" classname="lecture04.CounterTest" time="0.0"/>
  <testcase name="repetition 196 of 1000" classname="lecture04.CounterTest" time="0.001"/>
  <testcase name="repetition 197 of 1000" classname="lecture04.CounterTest" time="0.001"/>
  <testcase name="repetition 198 of 1000" classname="lecture04.CounterTest" time="0.001"/>
  <testcase name="repetition 199 of 1000" classname="lecture04.CounterTest" time="0.001"/>
  <testcase name="repetition 200 of 1000" classname="lecture04.CounterTest" time="0.0"/>
  <testcase name="repetition 201 of 1000" classname="lecture04.CounterTest" time="0.0"/>
  <testcase name="repetition 202 of 1000" classname="lecture04.CounterTest" time="0.001"/>
  <testcase name="repetition 203 of 1000" classname="lecture04.CounterTest" time="0.001"/>
  <testcase name="repetition 204 of 1000" classname="lecture04.CounterTest" time="0.008"/>
  <testcase name="repetition 205 of 1000" classname="lecture04.CounterTest" time="0.001"/>
  <testcase name="repetition 206 of 1000" classname="lecture04.CounterTest" time="0.0"/>
  <testcase name="repetition 207 of 1000" classname="lecture04.CounterTest" time="0.0"/>
  <testcase name="repetition 208 of 1000" classname="lecture04.CounterTest" time="0.0"/>
  <testcase name="repetition 209 of 1000" classname="lecture04.CounterTest" time="0.0"/>
  <testcase name="repetition 210 of 1000" classname="lecture04.CounterTest" time="0.001"/>
  <testcase name="repetition 211 of 1000" classname="lecture04.CounterTest" time="0.001"/>
  <testcase name="repetition 212 of 1000" classname="lecture04.CounterTest" time="0.001"/>
  <testcase name="repetition 213 of 1000" classname="lecture04.CounterTest" time="0.001"/>
  <testcase name="repetition 214 of 1000" classname="lecture04.CounterTest" time="0.0"/>
  <testcase name="repetition 215 of 1000" classname="lecture04.CounterTest" time="0.001"/>
  <testcase name="repetition 216 of 1000" classname="lecture04.CounterTest" time="0.0"/>
  <testcase name="repetition 217 of 1000" classname="lecture04.CounterTest" time="0.001"/>
  <testcase name="repetition 218 of 1000" classname="lecture04.CounterTest" time="0.001"/>
  <testcase name="repetition 219 of 1000" classname="lecture04.CounterTest" time="0.001"/>
  <testcase name="repetition 220 of 1000" classname="lecture04.CounterTest" time="0.001"/>
  <testcase name="repetition 221 of 1000" classname="lecture04.CounterTest" time="0.0"/>
  <testcase name="repetition 222 of 1000" classname="lecture04.CounterTest" time="0.001"/>
  <testcase name="repetition 223 of 1000" classname="lecture04.CounterTest" time="0.001"/>
  <testcase name="repetition 224 of 1000" classname="lecture04.CounterTest" time="0.001"/>
  <testcase name="repetition 225 of 1000" classname="lecture04.CounterTest" time="0.001"/>
  <testcase name="repetition 226 of 1000" classname="lecture04.CounterTest" time="0.001"/>
  <testcase name="repetition 227 of 1000" classname="lecture04.CounterTest" time="0.001"/>
  <testcase name="repetition 228 of 1000" classname="lecture04.CounterTest" time="0.001"/>
  <testcase name="repetition 229 of 1000" classname="lecture04.CounterTest" time="0.001"/>
  <testcase name="repetition 230 of 1000" classname="lecture04.CounterTest" time="0.0"/>
  <testcase name="repetition 231 of 1000" classname="lecture04.CounterTest" time="0.0"/>
  <testcase name="repetition 232 of 1000" classname="lecture04.CounterTest" time="0.0"/>
  <testcase name="repetition 233 of 1000" classname="lecture04.CounterTest" time="0.0"/>
  <testcase name="repetition 234 of 1000" classname="lecture04.CounterTest" time="0.001"/>
  <testcase name="repetition 235 of 1000" classname="lecture04.CounterTest" time="0.001"/>
  <testcase name="repetition 236 of 1000" classname="lecture04.CounterTest" time="0.001"/>
  <testcase name="repetition 237 of 1000" classname="lecture04.CounterTest" time="0.001"/>
  <testcase name="repetition 238 of 1000" classname="lecture04.CounterTest" time="0.001"/>
  <testcase name="repetition 239 of 1000" classname="lecture04.CounterTest" time="0.0"/>
  <testcase name="repetition 240 of 1000" classname="lecture04.CounterTest" time="0.001"/>
  <testcase name="repetition 241 of 1000" classname="lecture04.CounterTest" time="0.001"/>
  <testcase name="repetition 242 of 1000" classname="lecture04.CounterTest" time="0.001"/>
  <testcase name="repetition 243 of 1000" classname="lecture04.CounterTest" time="0.001"/>
  <testcase name="repetition 244 of 1000" classname="lecture04.CounterTest" time="0.001"/>
  <testcase name="repetition 245 of 1000" classname="lecture04.CounterTest" time="0.001"/>
  <testcase name="repetition 246 of 1000" classname="lecture04.CounterTest" time="0.001"/>
  <testcase name="repetition 247 of 1000" classname="lecture04.CounterTest" time="0.001"/>
  <testcase name="repetition 248 of 1000" classname="lecture04.CounterTest" time="0.001"/>
  <testcase name="repetition 249 of 1000" classname="lecture04.CounterTest" time="0.001"/>
  <testcase name="repetition 250 of 1000" classname="lecture04.CounterTest" time="0.0"/>
  <testcase name="repetition 251 of 1000" classname="lecture04.CounterTest" time="0.001"/>
  <testcase name="repetition 252 of 1000" classname="lecture04.CounterTest" time="0.0"/>
  <testcase name="repetition 253 of 1000" classname="lecture04.CounterTest" time="0.001"/>
  <testcase name="repetition 254 of 1000" classname="lecture04.CounterTest" time="0.001"/>
  <testcase name="repetition 255 of 1000" classname="lecture04.CounterTest" time="0.001"/>
  <testcase name="repetition 256 of 1000" classname="lecture04.CounterTest" time="0.001"/>
  <testcase name="repetition 257 of 1000" classname="lecture04.CounterTest" time="0.002"/>
  <testcase name="repetition 258 of 1000" classname="lecture04.CounterTest" time="0.001"/>
  <testcase name="repetition 259 of 1000" classname="lecture04.CounterTest" time="0.001"/>
  <testcase name="repetition 260 of 1000" classname="lecture04.CounterTest" time="0.001"/>
  <testcase name="repetition 261 of 1000" classname="lecture04.CounterTest" time="0.001"/>
  <testcase name="repetition 262 of 1000" classname="lecture04.CounterTest" time="0.001"/>
  <testcase name="repetition 263 of 1000" classname="lecture04.CounterTest" time="0.0"/>
  <testcase name="repetition 264 of 1000" classname="lecture04.CounterTest" time="0.001"/>
  <testcase name="repetition 265 of 1000" classname="lecture04.CounterTest" time="0.001"/>
  <testcase name="repetition 266 of 1000" classname="lecture04.CounterTest" time="0.001"/>
  <testcase name="repetition 267 of 1000" classname="lecture04.CounterTest" time="0.001"/>
  <testcase name="repetition 268 of 1000" classname="lecture04.CounterTest" time="0.001"/>
  <testcase name="repetition 269 of 1000" classname="lecture04.CounterTest" time="0.001"/>
  <testcase name="repetition 270 of 1000" classname="lecture04.CounterTest" time="0.001"/>
  <testcase name="repetition 271 of 1000" classname="lecture04.CounterTest" time="0.001"/>
  <testcase name="repetition 272 of 1000" classname="lecture04.CounterTest" time="0.001"/>
  <testcase name="repetition 273 of 1000" classname="lecture04.CounterTest" time="0.001"/>
  <testcase name="repetition 274 of 1000" classname="lecture04.CounterTest" time="0.001"/>
  <testcase name="repetition 275 of 1000" classname="lecture04.CounterTest" time="0.001"/>
  <testcase name="repetition 276 of 1000" classname="lecture04.CounterTest" time="0.0"/>
  <testcase name="repetition 277 of 1000" classname="lecture04.CounterTest" time="0.0"/>
  <testcase name="repetition 278 of 1000" classname="lecture04.CounterTest" time="0.0"/>
  <testcase name="repetition 279 of 1000" classname="lecture04.CounterTest" time="0.0"/>
  <testcase name="repetition 280 of 1000" classname="lecture04.CounterTest" time="0.0"/>
  <testcase name="repetition 281 of 1000" classname="lecture04.CounterTest" time="0.001"/>
  <testcase name="repetition 282 of 1000" classname="lecture04.CounterTest" time="0.0"/>
  <testcase name="repetition 283 of 1000" classname="lecture04.CounterTest" time="0.0"/>
  <testcase name="repetition 284 of 1000" classname="lecture04.CounterTest" time="0.0"/>
  <testcase name="repetition 285 of 1000" classname="lecture04.CounterTest" time="0.001"/>
  <testcase name="repetition 286 of 1000" classname="lecture04.CounterTest" time="0.002"/>
  <testcase name="repetition 287 of 1000" classname="lecture04.CounterTest" time="0.001"/>
  <testcase name="repetition 288 of 1000" classname="lecture04.CounterTest" time="0.0"/>
  <testcase name="repetition 289 of 1000" classname="lecture04.CounterTest" time="0.001"/>
  <testcase name="repetition 290 of 1000" classname="lecture04.CounterTest" time="0.001"/>
  <testcase name="repetition 291 of 1000" classname="lecture04.CounterTest" time="0.0"/>
  <testcase name="repetition 292 of 1000" classname="lecture04.CounterTest" time="0.0"/>
  <testcase name="repetition 293 of 1000" classname="lecture04.CounterTest" time="0.001"/>
  <testcase name="repetition 294 of 1000" classname="lecture04.CounterTest" time="0.001"/>
  <testcase name="repetition 295 of 1000" classname="lecture04.CounterTest" time="0.001"/>
  <testcase name="repetition 296 of 1000" classname="lecture04.CounterTest" time="0.001"/>
  <testcase name="repetition 297 of 1000" classname="lecture04.CounterTest" time="0.001"/>
  <testcase name="repetition 298 of 1000" classname="lecture04.CounterTest" time="0.001"/>
  <testcase name="repetition 299 of 1000" classname="lecture04.CounterTest" time="0.001"/>
  <testcase name="repetition 300 of 1000" classname="lecture04.CounterTest" time="0.0"/>
  <testcase name="repetition 301 of 1000" classname="lecture04.CounterTest" time="0.001"/>
  <testcase name="repetition 302 of 1000" classname="lecture04.CounterTest" time="0.001"/>
  <testcase name="repetition 303 of 1000" classname="lecture04.CounterTest" time="0.001"/>
  <testcase name="repetition 304 of 1000" classname="lecture04.CounterTest" time="0.001"/>
  <testcase name="repetition 305 of 1000" classname="lecture04.CounterTest" time="0.001"/>
  <testcase name="repetition 306 of 1000" classname="lecture04.CounterTest" time="0.001"/>
  <testcase name="repetition 307 of 1000" classname="lecture04.CounterTest" time="0.001"/>
  <testcase name="repetition 308 of 1000" classname="lecture04.CounterTest" time="0.0"/>
  <testcase name="repetition 309 of 1000" classname="lecture04.CounterTest" time="0.0"/>
  <testcase name="repetition 310 of 1000" classname="lecture04.CounterTest" time="0.001"/>
  <testcase name="repetition 311 of 1000" classname="lecture04.CounterTest" time="0.001"/>
  <testcase name="repetition 312 of 1000" classname="lecture04.CounterTest" time="0.001"/>
  <testcase name="repetition 313 of 1000" classname="lecture04.CounterTest" time="0.0"/>
  <testcase name="repetition 314 of 1000" classname="lecture04.CounterTest" time="0.0"/>
  <testcase name="repetition 315 of 1000" classname="lecture04.CounterTest" time="0.001"/>
  <testcase name="repetition 316 of 1000" classname="lecture04.CounterTest" time="0.001"/>
  <testcase name="repetition 317 of 1000" classname="lecture04.CounterTest" time="0.001"/>
  <testcase name="repetition 318 of 1000" classname="lecture04.CounterTest" time="0.001"/>
  <testcase name="repetition 319 of 1000" classname="lecture04.CounterTest" time="0.0"/>
  <testcase name="repetition 320 of 1000" classname="lecture04.CounterTest" time="0.0"/>
  <testcase name="repetition 321 of 1000" classname="lecture04.CounterTest" time="0.001"/>
  <testcase name="repetition 322 of 1000" classname="lecture04.CounterTest" time="0.001"/>
  <testcase name="repetition 323 of 1000" classname="lecture04.CounterTest" time="0.001"/>
  <testcase name="repetition 324 of 1000" classname="lecture04.CounterTest" time="0.0"/>
  <testcase name="repetition 325 of 1000" classname="lecture04.CounterTest" time="0.001"/>
  <testcase name="repetition 326 of 1000" classname="lecture04.CounterTest" time="0.001"/>
  <testcase name="repetition 327 of 1000" classname="lecture04.CounterTest" time="0.001"/>
  <testcase name="repetition 328 of 1000" classname="lecture04.CounterTest" time="0.001"/>
  <testcase name="repetition 329 of 1000" classname="lecture04.CounterTest" time="0.0"/>
  <testcase name="repetition 330 of 1000" classname="lecture04.CounterTest" time="0.0"/>
  <testcase name="repetition 331 of 1000" classname="lecture04.CounterTest" time="0.0"/>
  <testcase name="repetition 332 of 1000" classname="lecture04.CounterTest" time="0.0"/>
  <testcase name="repetition 333 of 1000" classname="lecture04.CounterTest" time="0.001"/>
  <testcase name="repetition 334 of 1000" classname="lecture04.CounterTest" time="0.001"/>
  <testcase name="repetition 335 of 1000" classname="lecture04.CounterTest" time="0.001"/>
  <testcase name="repetition 336 of 1000" classname="lecture04.CounterTest" time="0.001"/>
  <testcase name="repetition 337 of 1000" classname="lecture04.CounterTest" time="0.001"/>
  <testcase name="repetition 338 of 1000" classname="lecture04.CounterTest" time="0.001"/>
  <testcase name="repetition 339 of 1000" classname="lecture04.CounterTest" time="0.0"/>
  <testcase name="repetition 340 of 1000" classname="lecture04.CounterTest" time="0.0"/>
  <testcase name="repetition 341 of 1000" classname="lecture04.CounterTest" time="0.0"/>
  <testcase name="repetition 342 of 1000" classname="lecture04.CounterTest" time="0.001"/>
  <testcase name="repetition 343 of 1000" classname="lecture04.CounterTest" time="0.001"/>
  <testcase name="repetition 344 of 1000" classname="lecture04.CounterTest" time="0.001"/>
  <testcase name="repetition 345 of 1000" classname="lecture04.CounterTest" time="0.001"/>
  <testcase name="repetition 346 of 1000" classname="lecture04.CounterTest" time="0.0"/>
  <testcase name="repetition 347 of 1000" classname="lecture04.CounterTest" time="0.001"/>
  <testcase name="repetition 348 of 1000" classname="lecture04.CounterTest" time="0.001"/>
  <testcase name="repetition 349 of 1000" classname="lecture04.CounterTest" time="0.001"/>
  <testcase name="repetition 350 of 1000" classname="lecture04.CounterTest" time="0.001"/>
  <testcase name="repetition 351 of 1000" classname="lecture04.CounterTest" time="0.0"/>
  <testcase name="repetition 352 of 1000" classname="lecture04.CounterTest" time="0.0"/>
  <testcase name="repetition 353 of 1000" classname="lecture04.CounterTest" time="0.0"/>
  <testcase name="repetition 354 of 1000" classname="lecture04.CounterTest" time="0.001"/>
  <testcase name="repetition 355 of 1000" classname="lecture04.CounterTest" time="0.001"/>
  <testcase name="repetition 356 of 1000" classname="lecture04.CounterTest" time="0.001"/>
  <testcase name="repetition 357 of 1000" classname="lecture04.CounterTest" time="0.0"/>
  <testcase name="repetition 358 of 1000" classname="lecture04.CounterTest" time="0.001"/>
  <testcase name="repetition 359 of 1000" classname="lecture04.CounterTest" time="0.001"/>
  <testcase name="repetition 360 of 1000" classname="lecture04.CounterTest" time="0.001"/>
  <testcase name="repetition 361 of 1000" classname="lecture04.CounterTest" time="0.0"/>
  <testcase name="repetition 362 of 1000" classname="lecture04.CounterTest" time="0.001"/>
  <testcase name="repetition 363 of 1000" classname="lecture04.CounterTest" time="0.001"/>
  <testcase name="repetition 364 of 1000" classname="lecture04.CounterTest" time="0.0"/>
  <testcase name="repetition 365 of 1000" classname="lecture04.CounterTest" time="0.0"/>
  <testcase name="repetition 366 of 1000" classname="lecture04.CounterTest" time="0.0"/>
  <testcase name="repetition 367 of 1000" classname="lecture04.CounterTest" time="0.001"/>
  <testcase name="repetition 368 of 1000" classname="lecture04.CounterTest" time="0.001"/>
  <testcase name="repetition 369 of 1000" classname="lecture04.CounterTest" time="0.001"/>
  <testcase name="repetition 370 of 1000" classname="lecture04.CounterTest" time="0.001"/>
  <testcase name="repetition 371 of 1000" classname="lecture04.CounterTest" time="0.0"/>
  <testcase name="repetition 372 of 1000" classname="lecture04.CounterTest" time="0.001"/>
  <testcase name="repetition 373 of 1000" classname="lecture04.CounterTest" time="0.001"/>
  <testcase name="repetition 374 of 1000" classname="lecture04.CounterTest" time="0.001"/>
  <testcase name="repetition 375 of 1000" classname="lecture04.CounterTest" time="0.0"/>
  <testcase name="repetition 376 of 1000" classname="lecture04.CounterTest" time="0.001"/>
  <testcase name="repetition 377 of 1000" classname="lecture04.CounterTest" time="0.001"/>
  <testcase name="repetition 378 of 1000" classname="lecture04.CounterTest" time="0.001"/>
  <testcase name="repetition 379 of 1000" classname="lecture04.CounterTest" time="0.0"/>
  <testcase name="repetition 380 of 1000" classname="lecture04.CounterTest" time="0.001"/>
  <testcase name="repetition 381 of 1000" classname="lecture04.CounterTest" time="0.001"/>
  <testcase name="repetition 382 of 1000" classname="lecture04.CounterTest" time="0.001"/>
  <testcase name="repetition 383 of 1000" classname="lecture04.CounterTest" time="0.001"/>
  <testcase name="repetition 384 of 1000" classname="lecture04.CounterTest" time="0.001"/>
  <testcase name="repetition 385 of 1000" classname="lecture04.CounterTest" time="0.001"/>
  <testcase name="repetition 386 of 1000" classname="lecture04.CounterTest" time="0.001"/>
  <testcase name="repetition 387 of 1000" classname="lecture04.CounterTest" time="0.001"/>
  <testcase name="repetition 388 of 1000" classname="lecture04.CounterTest" time="0.001"/>
  <testcase name="repetition 389 of 1000" classname="lecture04.CounterTest" time="0.001"/>
  <testcase name="repetition 390 of 1000" classname="lecture04.CounterTest" time="0.001"/>
  <testcase name="repetition 391 of 1000" classname="lecture04.CounterTest" time="0.0"/>
  <testcase name="repetition 392 of 1000" classname="lecture04.CounterTest" time="0.0"/>
  <testcase name="repetition 393 of 1000" classname="lecture04.CounterTest" time="0.0"/>
  <testcase name="repetition 394 of 1000" classname="lecture04.CounterTest" time="0.0"/>
  <testcase name="repetition 395 of 1000" classname="lecture04.CounterTest" time="0.001"/>
  <testcase name="repetition 396 of 1000" classname="lecture04.CounterTest" time="0.001"/>
  <testcase name="repetition 397 of 1000" classname="lecture04.CounterTest" time="0.001"/>
  <testcase name="repetition 398 of 1000" classname="lecture04.CounterTest" time="0.001"/>
  <testcase name="repetition 399 of 1000" classname="lecture04.CounterTest" time="0.001"/>
  <testcase name="repetition 400 of 1000" classname="lecture04.CounterTest" time="0.001"/>
  <testcase name="repetition 401 of 1000" classname="lecture04.CounterTest" time="0.001"/>
  <testcase name="repetition 402 of 1000" classname="lecture04.CounterTest" time="0.001"/>
  <testcase name="repetition 403 of 1000" classname="lecture04.CounterTest" time="0.001"/>
  <testcase name="repetition 404 of 1000" classname="lecture04.CounterTest" time="0.001"/>
  <testcase name="repetition 405 of 1000" classname="lecture04.CounterTest" time="0.001"/>
  <testcase name="repetition 406 of 1000" classname="lecture04.CounterTest" time="0.0"/>
  <testcase name="repetition 407 of 1000" classname="lecture04.CounterTest" time="0.0"/>
  <testcase name="repetition 408 of 1000" classname="lecture04.CounterTest" time="0.001"/>
  <testcase name="repetition 409 of 1000" classname="lecture04.CounterTest" time="0.001"/>
  <testcase name="repetition 410 of 1000" classname="lecture04.CounterTest" time="0.001"/>
  <testcase name="repetition 411 of 1000" classname="lecture04.CounterTest" time="0.006"/>
  <testcase name="repetition 412 of 1000" classname="lecture04.CounterTest" time="0.001"/>
  <testcase name="repetition 413 of 1000" classname="lecture04.CounterTest" time="0.001"/>
  <testcase name="repetition 414 of 1000" classname="lecture04.CounterTest" time="0.001"/>
  <testcase name="repetition 415 of 1000" classname="lecture04.CounterTest" time="0.001"/>
  <testcase name="repetition 416 of 1000" classname="lecture04.CounterTest" time="0.0"/>
  <testcase name="repetition 417 of 1000" classname="lecture04.CounterTest" time="0.0"/>
  <testcase name="repetition 418 of 1000" classname="lecture04.CounterTest" time="0.001"/>
  <testcase name="repetition 419 of 1000" classname="lecture04.CounterTest" time="0.001"/>
  <testcase name="repetition 420 of 1000" classname="lecture04.CounterTest" time="0.0"/>
  <testcase name="repetition 421 of 1000" classname="lecture04.CounterTest" time="0.001"/>
  <testcase name="repetition 422 of 1000" classname="lecture04.CounterTest" time="0.001"/>
  <testcase name="repetition 423 of 1000" classname="lecture04.CounterTest" time="0.002"/>
  <testcase name="repetition 424 of 1000" classname="lecture04.CounterTest" time="0.001"/>
  <testcase name="repetition 425 of 1000" classname="lecture04.CounterTest" time="0.001"/>
  <testcase name="repetition 426 of 1000" classname="lecture04.CounterTest" time="0.001"/>
  <testcase name="repetition 427 of 1000" classname="lecture04.CounterTest" time="0.001"/>
  <testcase name="repetition 428 of 1000" classname="lecture04.CounterTest" time="0.001"/>
  <testcase name="repetition 429 of 1000" classname="lecture04.CounterTest" time="0.0"/>
  <testcase name="repetition 430 of 1000" classname="lecture04.CounterTest" time="0.0"/>
  <testcase name="repetition 431 of 1000" classname="lecture04.CounterTest" time="0.0"/>
  <testcase name="repetition 432 of 1000" classname="lecture04.CounterTest" time="0.0"/>
  <testcase name="repetition 433 of 1000" classname="lecture04.CounterTest" time="0.001"/>
  <testcase name="repetition 434 of 1000" classname="lecture04.CounterTest" time="0.001"/>
  <testcase name="repetition 435 of 1000" classname="lecture04.CounterTest" time="0.0"/>
  <testcase name="repetition 436 of 1000" classname="lecture04.CounterTest" time="0.0"/>
  <testcase name="repetition 437 of 1000" classname="lecture04.CounterTest" time="0.0"/>
  <testcase name="repetition 438 of 1000" classname="lecture04.CounterTest" time="0.0"/>
  <testcase name="repetition 439 of 1000" classname="lecture04.CounterTest" time="0.0"/>
  <testcase name="repetition 440 of 1000" classname="lecture04.CounterTest" time="0.0"/>
  <testcase name="repetition 441 of 1000" classname="lecture04.CounterTest" time="0.0"/>
  <testcase name="repetition 442 of 1000" classname="lecture04.CounterTest" time="0.0"/>
  <testcase name="repetition 443 of 1000" classname="lecture04.CounterTest" time="0.0"/>
  <testcase name="repetition 444 of 1000" classname="lecture04.CounterTest" time="0.0"/>
  <testcase name="repetition 445 of 1000" classname="lecture04.CounterTest" time="0.0"/>
  <testcase name="repetition 446 of 1000" classname="lecture04.CounterTest" time="0.0"/>
  <testcase name="repetition 447 of 1000" classname="lecture04.CounterTest" time="0.0"/>
  <testcase name="repetition 448 of 1000" classname="lecture04.CounterTest" time="0.0"/>
  <testcase name="repetition 449 of 1000" classname="lecture04.CounterTest" time="0.001"/>
  <testcase name="repetition 450 of 1000" classname="lecture04.CounterTest" time="0.0"/>
  <testcase name="repetition 451 of 1000" classname="lecture04.CounterTest" time="0.0"/>
  <testcase name="repetition 452 of 1000" classname="lecture04.CounterTest" time="0.001"/>
  <testcase name="repetition 453 of 1000" classname="lecture04.CounterTest" time="0.001"/>
  <testcase name="repetition 454 of 1000" classname="lecture04.CounterTest" time="0.001"/>
  <testcase name="repetition 455 of 1000" classname="lecture04.CounterTest" time="0.001"/>
  <testcase name="repetition 456 of 1000" classname="lecture04.CounterTest" time="0.0"/>
  <testcase name="repetition 457 of 1000" classname="lecture04.CounterTest" time="0.0"/>
  <testcase name="repetition 458 of 1000" classname="lecture04.CounterTest" time="0.0"/>
  <testcase name="repetition 459 of 1000" classname="lecture04.CounterTest" time="0.0"/>
  <testcase name="repetition 460 of 1000" classname="lecture04.CounterTest" time="0.001"/>
  <testcase name="repetition 461 of 1000" classname="lecture04.CounterTest" time="0.001"/>
  <testcase name="repetition 462 of 1000" classname="lecture04.CounterTest" time="0.001"/>
  <testcase name="repetition 463 of 1000" classname="lecture04.CounterTest" time="0.001"/>
  <testcase name="repetition 464 of 1000" classname="lecture04.CounterTest" time="0.0"/>
  <testcase name="repetition 465 of 1000" classname="lecture04.CounterTest" time="0.0"/>
  <testcase name="repetition 466 of 1000" classname="lecture04.CounterTest" time="0.0"/>
  <testcase name="repetition 467 of 1000" classname="lecture04.CounterTest" time="0.0"/>
  <testcase name="repetition 468 of 1000" classname="lecture04.CounterTest" time="0.0"/>
  <testcase name="repetition 469 of 1000" classname="lecture04.CounterTest" time="0.001"/>
  <testcase name="repetition 470 of 1000" classname="lecture04.CounterTest" time="0.001"/>
  <testcase name="repetition 471 of 1000" classname="lecture04.CounterTest" time="0.001"/>
  <testcase name="repetition 472 of 1000" classname="lecture04.CounterTest" time="0.001"/>
  <testcase name="repetition 473 of 1000" classname="lecture04.CounterTest" time="0.001"/>
  <testcase name="repetition 474 of 1000" classname="lecture04.CounterTest" time="0.0"/>
  <testcase name="repetition 475 of 1000" classname="lecture04.CounterTest" time="0.0"/>
  <testcase name="repetition 476 of 1000" classname="lecture04.CounterTest" time="0.001"/>
  <testcase name="repetition 477 of 1000" classname="lecture04.CounterTest" time="0.0"/>
  <testcase name="repetition 478 of 1000" classname="lecture04.CounterTest" time="0.0"/>
  <testcase name="repetition 479 of 1000" classname="lecture04.CounterTest" time="0.001"/>
  <testcase name="repetition 480 of 1000" classname="lecture04.CounterTest" time="0.0"/>
  <testcase name="repetition 481 of 1000" classname="lecture04.CounterTest" time="0.001"/>
  <testcase name="repetition 482 of 1000" classname="lecture04.CounterTest" time="0.001"/>
  <testcase name="repetition 483 of 1000" classname="lecture04.CounterTest" time="0.001"/>
  <testcase name="repetition 484 of 1000" classname="lecture04.CounterTest" time="0.001"/>
  <testcase name="repetition 485 of 1000" classname="lecture04.CounterTest" time="0.001"/>
  <testcase name="repetition 486 of 1000" classname="lecture04.CounterTest" time="0.0"/>
  <testcase name="repetition 487 of 1000" classname="lecture04.CounterTest" time="0.0"/>
  <testcase name="repetition 488 of 1000" classname="lecture04.CounterTest" time="0.0"/>
  <testcase name="repetition 489 of 1000" classname="lecture04.CounterTest" time="0.0"/>
  <testcase name="repetition 490 of 1000" classname="lecture04.CounterTest" time="0.0"/>
  <testcase name="repetition 491 of 1000" classname="lecture04.CounterTest" time="0.001"/>
  <testcase name="repetition 492 of 1000" classname="lecture04.CounterTest" time="0.001"/>
  <testcase name="repetition 493 of 1000" classname="lecture04.CounterTest" time="0.0"/>
  <testcase name="repetition 494 of 1000" classname="lecture04.CounterTest" time="0.0"/>
  <testcase name="repetition 495 of 1000" classname="lecture04.CounterTest" time="0.0"/>
  <testcase name="repetition 496 of 1000" classname="lecture04.CounterTest" time="0.001"/>
  <testcase name="repetition 497 of 1000" classname="lecture04.CounterTest" time="0.001"/>
  <testcase name="repetition 498 of 1000" classname="lecture04.CounterTest" time="0.001"/>
  <testcase name="repetition 499 of 1000" classname="lecture04.CounterTest" time="0.0"/>
  <testcase name="repetition 500 of 1000" classname="lecture04.CounterTest" time="0.0"/>
  <testcase name="repetition 501 of 1000" classname="lecture04.CounterTest" time="0.001"/>
  <testcase name="repetition 502 of 1000" classname="lecture04.CounterTest" time="0.001"/>
  <testcase name="repetition 503 of 1000" classname="lecture04.CounterTest" time="0.001"/>
  <testcase name="repetition 504 of 1000" classname="lecture04.CounterTest" time="0.001"/>
  <testcase name="repetition 505 of 1000" classname="lecture04.CounterTest" time="0.001"/>
  <testcase name="repetition 506 of 1000" classname="lecture04.CounterTest" time="0.001"/>
  <testcase name="repetition 507 of 1000" classname="lecture04.CounterTest" time="0.001"/>
  <testcase name="repetition 508 of 1000" classname="lecture04.CounterTest" time="0.001"/>
  <testcase name="repetition 509 of 1000" classname="lecture04.CounterTest" time="0.001"/>
  <testcase name="repetition 510 of 1000" classname="lecture04.CounterTest" time="0.001"/>
  <testcase name="repetition 511 of 1000" classname="lecture04.CounterTest" time="0.0"/>
  <testcase name="repetition 512 of 1000" classname="lecture04.CounterTest" time="0.001"/>
  <testcase name="repetition 513 of 1000" classname="lecture04.CounterTest" time="0.001"/>
  <testcase name="repetition 514 of 1000" classname="lecture04.CounterTest" time="0.001"/>
  <testcase name="repetition 515 of 1000" classname="lecture04.CounterTest" time="0.001"/>
  <testcase name="repetition 516 of 1000" classname="lecture04.CounterTest" time="0.001"/>
  <testcase name="repetition 517 of 1000" classname="lecture04.CounterTest" time="0.0"/>
  <testcase name="repetition 518 of 1000" classname="lecture04.CounterTest" time="0.0"/>
  <testcase name="repetition 519 of 1000" classname="lecture04.CounterTest" time="0.0"/>
  <testcase name="repetition 520 of 1000" classname="lecture04.CounterTest" time="0.0"/>
  <testcase name="repetition 521 of 1000" classname="lecture04.CounterTest" time="0.001"/>
  <testcase name="repetition 522 of 1000" classname="lecture04.CounterTest" time="0.001"/>
  <testcase name="repetition 523 of 1000" classname="lecture04.CounterTest" time="0.001"/>
  <testcase name="repetition 524 of 1000" classname="lecture04.CounterTest" time="0.001"/>
  <testcase name="repetition 525 of 1000" classname="lecture04.CounterTest" time="0.001"/>
  <testcase name="repetition 526 of 1000" classname="lecture04.CounterTest" time="0.001"/>
  <testcase name="repetition 527 of 1000" classname="lecture04.CounterTest" time="0.0"/>
  <testcase name="repetition 528 of 1000" classname="lecture04.CounterTest" time="0.001"/>
  <testcase name="repetition 529 of 1000" classname="lecture04.CounterTest" time="0.001"/>
  <testcase name="repetition 530 of 1000" classname="lecture04.CounterTest" time="0.001"/>
  <testcase name="repetition 531 of 1000" classname="lecture04.CounterTest" time="0.001"/>
  <testcase name="repetition 532 of 1000" classname="lecture04.CounterTest" time="0.001"/>
  <testcase name="repetition 533 of 1000" classname="lecture04.CounterTest" time="0.001"/>
  <testcase name="repetition 534 of 1000" classname="lecture04.CounterTest" time="0.001"/>
  <testcase name="repetition 535 of 1000" classname="lecture04.CounterTest" time="0.0"/>
  <testcase name="repetition 536 of 1000" classname="lecture04.CounterTest" time="0.0"/>
  <testcase name="repetition 537 of 1000" classname="lecture04.CounterTest" time="0.0"/>
  <testcase name="repetition 538 of 1000" classname="lecture04.CounterTest" time="0.001"/>
  <testcase name="repetition 539 of 1000" classname="lecture04.CounterTest" time="0.0"/>
  <testcase name="repetition 540 of 1000" classname="lecture04.CounterTest" time="0.0"/>
  <testcase name="repetition 541 of 1000" classname="lecture04.CounterTest" time="0.001"/>
  <testcase name="repetition 542 of 1000" classname="lecture04.CounterTest" time="0.001"/>
  <testcase name="repetition 543 of 1000" classname="lecture04.CounterTest" time="0.001"/>
  <testcase name="repetition 544 of 1000" classname="lecture04.CounterTest" time="0.0"/>
  <testcase name="repetition 545 of 1000" classname="lecture04.CounterTest" time="0.0"/>
  <testcase name="repetition 546 of 1000" classname="lecture04.CounterTest" time="0.001"/>
  <testcase name="repetition 547 of 1000" classname="lecture04.CounterTest" time="0.0"/>
  <testcase name="repetition 548 of 1000" classname="lecture04.CounterTest" time="0.001"/>
  <testcase name="repetition 549 of 1000" classname="lecture04.CounterTest" time="0.001"/>
  <testcase name="repetition 550 of 1000" classname="lecture04.CounterTest" time="0.001"/>
  <testcase name="repetition 551 of 1000" classname="lecture04.CounterTest" time="0.001"/>
  <testcase name="repetition 552 of 1000" classname="lecture04.CounterTest" time="0.001"/>
  <testcase name="repetition 553 of 1000" classname="lecture04.CounterTest" time="0.0"/>
  <testcase name="repetition 554 of 1000" classname="lecture04.CounterTest" time="0.001"/>
  <testcase name="repetition 555 of 1000" classname="lecture04.CounterTest" time="0.001"/>
  <testcase name="repetition 556 of 1000" classname="lecture04.CounterTest" time="0.0"/>
  <testcase name="repetition 557 of 1000" classname="lecture04.CounterTest" time="0.001"/>
  <testcase name="repetition 558 of 1000" classname="lecture04.CounterTest" time="0.001"/>
  <testcase name="repetition 559 of 1000" classname="lecture04.CounterTest" time="0.0"/>
  <testcase name="repetition 560 of 1000" classname="lecture04.CounterTest" time="0.0"/>
  <testcase name="repetition 561 of 1000" classname="lecture04.CounterTest" time="0.001"/>
  <testcase name="repetition 562 of 1000" classname="lecture04.CounterTest" time="0.002"/>
  <testcase name="repetition 563 of 1000" classname="lecture04.CounterTest" time="0.001"/>
  <testcase name="repetition 564 of 1000" classname="lecture04.CounterTest" time="0.001"/>
  <testcase name="repetition 565 of 1000" classname="lecture04.CounterTest" time="0.0"/>
  <testcase name="repetition 566 of 1000" classname="lecture04.CounterTest" time="0.001"/>
  <testcase name="repetition 567 of 1000" classname="lecture04.CounterTest" time="0.001"/>
  <testcase name="repetition 568 of 1000" classname="lecture04.CounterTest" time="0.001"/>
  <testcase name="repetition 569 of 1000" classname="lecture04.CounterTest" time="0.001"/>
  <testcase name="repetition 570 of 1000" classname="lecture04.CounterTest" time="0.0"/>
  <testcase name="repetition 571 of 1000" classname="lecture04.CounterTest" time="0.001"/>
  <testcase name="repetition 572 of 1000" classname="lecture04.CounterTest" time="0.0"/>
  <testcase name="repetition 573 of 1000" classname="lecture04.CounterTest" time="0.0"/>
  <testcase name="repetition 574 of 1000" classname="lecture04.CounterTest" time="0.0"/>
  <testcase name="repetition 575 of 1000" classname="lecture04.CounterTest" time="0.001"/>
  <testcase name="repetition 576 of 1000" classname="lecture04.CounterTest" time="0.001"/>
  <testcase name="repetition 577 of 1000" classname="lecture04.CounterTest" time="0.001"/>
  <testcase name="repetition 578 of 1000" classname="lecture04.CounterTest" time="0.0"/>
  <testcase name="repetition 579 of 1000" classname="lecture04.CounterTest" time="0.0"/>
  <testcase name="repetition 580 of 1000" classname="lecture04.CounterTest" time="0.001"/>
  <testcase name="repetition 581 of 1000" classname="lecture04.CounterTest" time="0.001"/>
  <testcase name="repetition 582 of 1000" classname="lecture04.CounterTest" time="0.0"/>
  <testcase name="repetition 583 of 1000" classname="lecture04.CounterTest" time="0.0"/>
  <testcase name="repetition 584 of 1000" classname="lecture04.CounterTest" time="0.0"/>
  <testcase name="repetition 585 of 1000" classname="lecture04.CounterTest" time="0.0"/>
  <testcase name="repetition 586 of 1000" classname="lecture04.CounterTest" time="0.001"/>
  <testcase name="repetition 587 of 1000" classname="lecture04.CounterTest" time="0.001"/>
  <testcase name="repetition 588 of 1000" classname="lecture04.CounterTest" time="0.0"/>
  <testcase name="repetition 589 of 1000" classname="lecture04.CounterTest" time="0.0"/>
  <testcase name="repetition 590 of 1000" classname="lecture04.CounterTest" time="0.0"/>
  <testcase name="repetition 591 of 1000" classname="lecture04.CounterTest" time="0.001"/>
  <testcase name="repetition 592 of 1000" classname="lecture04.CounterTest" time="0.001"/>
  <testcase name="repetition 593 of 1000" classname="lecture04.CounterTest" time="0.0"/>
  <testcase name="repetition 594 of 1000" classname="lecture04.CounterTest" time="0.0"/>
  <testcase name="repetition 595 of 1000" classname="lecture04.CounterTest" time="0.001"/>
  <testcase name="repetition 596 of 1000" classname="lecture04.CounterTest" time="0.001"/>
  <testcase name="repetition 597 of 1000" classname="lecture04.CounterTest" time="0.001"/>
  <testcase name="repetition 598 of 1000" classname="lecture04.CounterTest" time="0.0"/>
  <testcase name="repetition 599 of 1000" classname="lecture04.CounterTest" time="0.0"/>
  <testcase name="repetition 600 of 1000" classname="lecture04.CounterTest" time="0.0"/>
  <testcase name="repetition 601 of 1000" classname="lecture04.CounterTest" time="0.0"/>
  <testcase name="repetition 602 of 1000" classname="lecture04.CounterTest" time="0.001"/>
  <testcase name="repetition 603 of 1000" classname="lecture04.CounterTest" time="0.001"/>
  <testcase name="repetition 604 of 1000" classname="lecture04.CounterTest" time="0.0"/>
  <testcase name="repetition 605 of 1000" classname="lecture04.CounterTest" time="0.0"/>
  <testcase name="repetition 606 of 1000" classname="lecture04.CounterTest" time="0.001"/>
  <testcase name="repetition 607 of 1000" classname="lecture04.CounterTest" time="0.001"/>
  <testcase name="repetition 608 of 1000" classname="lecture04.CounterTest" time="0.001"/>
  <testcase name="repetition 609 of 1000" classname="lecture04.CounterTest" time="0.001"/>
  <testcase name="repetition 610 of 1000" classname="lecture04.CounterTest" time="0.001"/>
  <testcase name="repetition 611 of 1000" classname="lecture04.CounterTest" time="0.001"/>
  <testcase name="repetition 612 of 1000" classname="lecture04.CounterTest" time="0.001"/>
  <testcase name="repetition 613 of 1000" classname="lecture04.CounterTest" time="0.0"/>
  <testcase name="repetition 614 of 1000" classname="lecture04.CounterTest" time="0.0"/>
  <testcase name="repetition 615 of 1000" classname="lecture04.CounterTest" time="0.0"/>
  <testcase name="repetition 616 of 1000" classname="lecture04.CounterTest" time="0.0"/>
  <testcase name="repetition 617 of 1000" classname="lecture04.CounterTest" time="0.004"/>
  <testcase name="repetition 618 of 1000" classname="lecture04.CounterTest" time="0.001"/>
  <testcase name="repetition 619 of 1000" classname="lecture04.CounterTest" time="0.001"/>
  <testcase name="repetition 620 of 1000" classname="lecture04.CounterTest" time="0.001"/>
  <testcase name="repetition 621 of 1000" classname="lecture04.CounterTest" time="0.001"/>
  <testcase name="repetition 622 of 1000" classname="lecture04.CounterTest" time="0.001"/>
  <testcase name="repetition 623 of 1000" classname="lecture04.CounterTest" time="0.001"/>
  <testcase name="repetition 624 of 1000" classname="lecture04.CounterTest" time="0.001"/>
  <testcase name="repetition 625 of 1000" classname="lecture04.CounterTest" time="0.001"/>
  <testcase name="repetition 626 of 1000" classname="lecture04.CounterTest" time="0.001"/>
  <testcase name="repetition 627 of 1000" classname="lecture04.CounterTest" time="0.001"/>
  <testcase name="repetition 628 of 1000" classname="lecture04.CounterTest" time="0.001"/>
  <testcase name="repetition 629 of 1000" classname="lecture04.CounterTest" time="0.0"/>
  <testcase name="repetition 630 of 1000" classname="lecture04.CounterTest" time="0.0"/>
  <testcase name="repetition 631 of 1000" classname="lecture04.CounterTest" time="0.001"/>
  <testcase name="repetition 632 of 1000" classname="lecture04.CounterTest" time="0.001"/>
  <testcase name="repetition 633 of 1000" classname="lecture04.CounterTest" time="0.0"/>
  <testcase name="repetition 634 of 1000" classname="lecture04.CounterTest" time="0.001"/>
  <testcase name="repetition 635 of 1000" classname="lecture04.CounterTest" time="0.001"/>
  <testcase name="repetition 636 of 1000" classname="lecture04.CounterTest" time="0.001"/>
  <testcase name="repetition 637 of 1000" classname="lecture04.CounterTest" time="0.0"/>
  <testcase name="repetition 638 of 1000" classname="lecture04.CounterTest" time="0.0"/>
  <testcase name="repetition 639 of 1000" classname="lecture04.CounterTest" time="0.001"/>
  <testcase name="repetition 640 of 1000" classname="lecture04.CounterTest" time="0.001"/>
  <testcase name="repetition 641 of 1000" classname="lecture04.CounterTest" time="0.001"/>
  <testcase name="repetition 642 of 1000" classname="lecture04.CounterTest" time="0.0"/>
  <testcase name="repetition 643 of 1000" classname="lecture04.CounterTest" time="0.0"/>
  <testcase name="repetition 644 of 1000" classname="lecture04.CounterTest" time="0.0"/>
  <testcase name="repetition 645 of 1000" classname="lecture04.CounterTest" time="0.0"/>
  <testcase name="repetition 646 of 1000" classname="lecture04.CounterTest" time="0.0"/>
  <testcase name="repetition 647 of 1000" classname="lecture04.CounterTest" time="0.0"/>
  <testcase name="repetition 648 of 1000" classname="lecture04.CounterTest" time="0.0"/>
  <testcase name="repetition 649 of 1000" classname="lecture04.CounterTest" time="0.0"/>
  <testcase name="repetition 650 of 1000" classname="lecture04.CounterTest" time="0.0"/>
  <testcase name="repetition 651 of 1000" classname="lecture04.CounterTest" time="0.0"/>
  <testcase name="repetition 652 of 1000" classname="lecture04.CounterTest" time="0.001"/>
  <testcase name="repetition 653 of 1000" classname="lecture04.CounterTest" time="0.002"/>
  <testcase name="repetition 654 of 1000" classname="lecture04.CounterTest" time="0.0"/>
  <testcase name="repetition 655 of 1000" classname="lecture04.CounterTest" time="0.0"/>
  <testcase name="repetition 656 of 1000" classname="lecture04.CounterTest" time="0.0"/>
  <testcase name="repetition 657 of 1000" classname="lecture04.CounterTest" time="0.0"/>
  <testcase name="repetition 658 of 1000" classname="lecture04.CounterTest" time="0.0"/>
  <testcase name="repetition 659 of 1000" classname="lecture04.CounterTest" time="0.0"/>
  <testcase name="repetition 660 of 1000" classname="lecture04.CounterTest" time="0.0"/>
  <testcase name="repetition 661 of 1000" classname="lecture04.CounterTest" time="0.001"/>
  <testcase name="repetition 662 of 1000" classname="lecture04.CounterTest" time="0.001"/>
  <testcase name="repetition 663 of 1000" classname="lecture04.CounterTest" time="0.0"/>
  <testcase name="repetition 664 of 1000" classname="lecture04.CounterTest" time="0.001"/>
  <testcase name="repetition 665 of 1000" classname="lecture04.CounterTest" time="0.0"/>
  <testcase name="repetition 666 of 1000" classname="lecture04.CounterTest" time="0.001"/>
  <testcase name="repetition 667 of 1000" classname="lecture04.CounterTest" time="0.001"/>
  <testcase name="repetition 668 of 1000" classname="lecture04.CounterTest" time="0.0"/>
  <testcase name="repetition 669 of 1000" classname="lecture04.CounterTest" time="0.001"/>
  <testcase name="repetition 670 of 1000" classname="lecture04.CounterTest" time="0.0"/>
  <testcase name="repetition 671 of 1000" classname="lecture04.CounterTest" time="0.001"/>
  <testcase name="repetition 672 of 1000" classname="lecture04.CounterTest" time="0.001"/>
  <testcase name="repetition 673 of 1000" classname="lecture04.CounterTest" time="0.001"/>
  <testcase name="repetition 674 of 1000" classname="lecture04.CounterTest" time="0.001"/>
  <testcase name="repetition 675 of 1000" classname="lecture04.CounterTest" time="0.001"/>
  <testcase name="repetition 676 of 1000" classname="lecture04.CounterTest" time="0.001"/>
  <testcase name="repetition 677 of 1000" classname="lecture04.CounterTest" time="0.001"/>
  <testcase name="repetition 678 of 1000" classname="lecture04.CounterTest" time="0.001"/>
  <testcase name="repetition 679 of 1000" classname="lecture04.CounterTest" time="0.0"/>
  <testcase name="repetition 680 of 1000" classname="lecture04.CounterTest" time="0.0"/>
  <testcase name="repetition 681 of 1000" classname="lecture04.CounterTest" time="0.001"/>
  <testcase name="repetition 682 of 1000" classname="lecture04.CounterTest" time="0.001"/>
  <testcase name="repetition 683 of 1000" classname="lecture04.CounterTest" time="0.001"/>
  <testcase name="repetition 684 of 1000" classname="lecture04.CounterTest" time="0.001"/>
  <testcase name="repetition 685 of 1000" classname="lecture04.CounterTest" time="0.001"/>
  <testcase name="repetition 686 of 1000" classname="lecture04.CounterTest" time="0.001"/>
  <testcase name="repetition 687 of 1000" classname="lecture04.CounterTest" time="0.001"/>
  <testcase name="repetition 688 of 1000" classname="lecture04.CounterTest" time="0.001"/>
  <testcase name="repetition 689 of 1000" classname="lecture04.CounterTest" time="0.0"/>
  <testcase name="repetition 690 of 1000" classname="lecture04.CounterTest" time="0.0"/>
  <testcase name="repetition 691 of 1000" classname="lecture04.CounterTest" time="0.0"/>
  <testcase name="repetition 692 of 1000" classname="lecture04.CounterTest" time="0.0"/>
  <testcase name="repetition 693 of 1000" classname="lecture04.CounterTest" time="0.0"/>
  <testcase name="repetition 694 of 1000" classname="lecture04.CounterTest" time="0.0"/>
  <testcase name="repetition 695 of 1000" classname="lecture04.CounterTest" time="0.0"/>
  <testcase name="repetition 696 of 1000" classname="lecture04.CounterTest" time="0.0"/>
  <testcase name="repetition 697 of 1000" classname="lecture04.CounterTest" time="0.0"/>
  <testcase name="repetition 698 of 1000" classname="lecture04.CounterTest" time="0.0"/>
  <testcase name="repetition 699 of 1000" classname="lecture04.CounterTest" time="0.0"/>
  <testcase name="repetition 700 of 1000" classname="lecture04.CounterTest" time="0.001"/>
  <testcase name="repetition 701 of 1000" classname="lecture04.CounterTest" time="0.001"/>
  <testcase name="repetition 702 of 1000" classname="lecture04.CounterTest" time="0.001"/>
  <testcase name="repetition 703 of 1000" classname="lecture04.CounterTest" time="0.001"/>
  <testcase name="repetition 704 of 1000" classname="lecture04.CounterTest" time="0.001"/>
  <testcase name="repetition 705 of 1000" classname="lecture04.CounterTest" time="0.0"/>
  <testcase name="repetition 706 of 1000" classname="lecture04.CounterTest" time="0.0"/>
  <testcase name="repetition 707 of 1000" classname="lecture04.CounterTest" time="0.0"/>
  <testcase name="repetition 708 of 1000" classname="lecture04.CounterTest" time="0.0"/>
  <testcase name="repetition 709 of 1000" classname="lecture04.CounterTest" time="0.0"/>
  <testcase name="repetition 710 of 1000" classname="lecture04.CounterTest" time="0.0"/>
  <testcase name="repetition 711 of 1000" classname="lecture04.CounterTest" time="0.001"/>
  <testcase name="repetition 712 of 1000" classname="lecture04.CounterTest" time="0.001"/>
  <testcase name="repetition 713 of 1000" classname="lecture04.CounterTest" time="0.0"/>
  <testcase name="repetition 714 of 1000" classname="lecture04.CounterTest" time="0.0"/>
  <testcase name="repetition 715 of 1000" classname="lecture04.CounterTest" time="0.0"/>
  <testcase name="repetition 716 of 1000" classname="lecture04.CounterTest" time="0.001"/>
  <testcase name="repetition 717 of 1000" classname="lecture04.CounterTest" time="0.0"/>
  <testcase name="repetition 718 of 1000" classname="lecture04.CounterTest" time="0.001"/>
  <testcase name="repetition 719 of 1000" classname="lecture04.CounterTest" time="0.001"/>
  <testcase name="repetition 720 of 1000" classname="lecture04.CounterTest" time="0.001"/>
  <testcase name="repetition 721 of 1000" classname="lecture04.CounterTest" time="0.001"/>
  <testcase name="repetition 722 of 1000" classname="lecture04.CounterTest" time="0.001"/>
  <testcase name="repetition 723 of 1000" classname="lecture04.CounterTest" time="0.001"/>
  <testcase name="repetition 724 of 1000" classname="lecture04.CounterTest" time="0.001"/>
  <testcase name="repetition 725 of 1000" classname="lecture04.CounterTest" time="0.001"/>
  <testcase name="repetition 726 of 1000" classname="lecture04.CounterTest" time="0.001"/>
  <testcase name="repetition 727 of 1000" classname="lecture04.CounterTest" time="0.001"/>
  <testcase name="repetition 728 of 1000" classname="lecture04.CounterTest" time="0.0"/>
  <testcase name="repetition 729 of 1000" classname="lecture04.CounterTest" time="0.0"/>
  <testcase name="repetition 730 of 1000" classname="lecture04.CounterTest" time="0.0"/>
  <testcase name="repetition 731 of 1000" classname="lecture04.CounterTest" time="0.001"/>
  <testcase name="repetition 732 of 1000" classname="lecture04.CounterTest" time="0.001"/>
  <testcase name="repetition 733 of 1000" classname="lecture04.CounterTest" time="0.001"/>
  <testcase name="repetition 734 of 1000" classname="lecture04.CounterTest" time="0.001"/>
  <testcase name="repetition 735 of 1000" classname="lecture04.CounterTest" time="0.001"/>
  <testcase name="repetition 736 of 1000" classname="lecture04.CounterTest" time="0.001"/>
  <testcase name="repetition 737 of 1000" classname="lecture04.CounterTest" time="0.001"/>
  <testcase name="repetition 738 of 1000" classname="lecture04.CounterTest" time="0.001"/>
  <testcase name="repetition 739 of 1000" classname="lecture04.CounterTest" time="0.001"/>
  <testcase name="repetition 740 of 1000" classname="lecture04.CounterTest" time="0.001"/>
  <testcase name="repetition 741 of 1000" classname="lecture04.CounterTest" time="0.001"/>
  <testcase name="repetition 742 of 1000" classname="lecture04.CounterTest" time="0.0"/>
  <testcase name="repetition 743 of 1000" classname="lecture04.CounterTest" time="0.0"/>
  <testcase name="repetition 744 of 1000" classname="lecture04.CounterTest" time="0.001"/>
  <testcase name="repetition 745 of 1000" classname="lecture04.CounterTest" time="0.001"/>
  <testcase name="repetition 746 of 1000" classname="lecture04.CounterTest" time="0.0"/>
  <testcase name="repetition 747 of 1000" classname="lecture04.CounterTest" time="0.0"/>
  <testcase name="repetition 748 of 1000" classname="lecture04.CounterTest" time="0.001"/>
  <testcase name="repetition 749 of 1000" classname="lecture04.CounterTest" time="0.001"/>
  <testcase name="repetition 750 of 1000" classname="lecture04.CounterTest" time="0.001"/>
  <testcase name="repetition 751 of 1000" classname="lecture04.CounterTest" time="0.0"/>
  <testcase name="repetition 752 of 1000" classname="lecture04.CounterTest" time="0.0"/>
  <testcase name="repetition 753 of 1000" classname="lecture04.CounterTest" time="0.001"/>
  <testcase name="repetition 754 of 1000" classname="lecture04.CounterTest" time="0.001"/>
  <testcase name="repetition 755 of 1000" classname="lecture04.CounterTest" time="0.0"/>
  <testcase name="repetition 756 of 1000" classname="lecture04.CounterTest" time="0.0"/>
  <testcase name="repetition 757 of 1000" classname="lecture04.CounterTest" time="0.001"/>
  <testcase name="repetition 758 of 1000" classname="lecture04.CounterTest" time="0.001"/>
  <testcase name="repetition 759 of 1000" classname="lecture04.CounterTest" time="0.001"/>
  <testcase name="repetition 760 of 1000" classname="lecture04.CounterTest" time="0.001"/>
  <testcase name="repetition 761 of 1000" classname="lecture04.CounterTest" time="0.001"/>
  <testcase name="repetition 762 of 1000" classname="lecture04.CounterTest" time="0.001"/>
  <testcase name="repetition 763 of 1000" classname="lecture04.CounterTest" time="0.001"/>
  <testcase name="repetition 764 of 1000" classname="lecture04.CounterTest" time="0.001"/>
  <testcase name="repetition 765 of 1000" classname="lecture04.CounterTest" time="0.001"/>
  <testcase name="repetition 766 of 1000" classname="lecture04.CounterTest" time="0.0"/>
  <testcase name="repetition 767 of 1000" classname="lecture04.CounterTest" time="0.0"/>
  <testcase name="repetition 768 of 1000" classname="lecture04.CounterTest" time="0.001"/>
  <testcase name="repetition 769 of 1000" classname="lecture04.CounterTest" time="0.002"/>
  <testcase name="repetition 770 of 1000" classname="lecture04.CounterTest" time="0.001"/>
  <testcase name="repetition 771 of 1000" classname="lecture04.CounterTest" time="0.001"/>
  <testcase name="repetition 772 of 1000" classname="lecture04.CounterTest" time="0.001"/>
  <testcase name="repetition 773 of 1000" classname="lecture04.CounterTest" time="0.001"/>
  <testcase name="repetition 774 of 1000" classname="lecture04.CounterTest" time="0.0"/>
  <testcase name="repetition 775 of 1000" classname="lecture04.CounterTest" time="0.0"/>
  <testcase name="repetition 776 of 1000" classname="lecture04.CounterTest" time="0.0"/>
  <testcase name="repetition 777 of 1000" classname="lecture04.CounterTest" time="0.0"/>
  <testcase name="repetition 778 of 1000" classname="lecture04.CounterTest" time="0.0"/>
  <testcase name="repetition 779 of 1000" classname="lecture04.CounterTest" time="0.001"/>
  <testcase name="repetition 780 of 1000" classname="lecture04.CounterTest" time="0.001"/>
  <testcase name="repetition 781 of 1000" classname="lecture04.CounterTest" time="0.001"/>
  <testcase name="repetition 782 of 1000" classname="lecture04.CounterTest" time="0.0"/>
  <testcase name="repetition 783 of 1000" classname="lecture04.CounterTest" time="0.0"/>
  <testcase name="repetition 784 of 1000" classname="lecture04.CounterTest" time="0.0"/>
  <testcase name="repetition 785 of 1000" classname="lecture04.CounterTest" time="0.0"/>
  <testcase name="repetition 786 of 1000" classname="lecture04.CounterTest" time="0.0"/>
  <testcase name="repetition 787 of 1000" classname="lecture04.CounterTest" time="0.0"/>
  <testcase name="repetition 788 of 1000" classname="lecture04.CounterTest" time="0.0"/>
  <testcase name="repetition 789 of 1000" classname="lecture04.CounterTest" time="0.001"/>
  <testcase name="repetition 790 of 1000" classname="lecture04.CounterTest" time="0.001"/>
  <testcase name="repetition 791 of 1000" classname="lecture04.CounterTest" time="0.001"/>
  <testcase name="repetition 792 of 1000" classname="lecture04.CounterTest" time="0.001"/>
  <testcase name="repetition 793 of 1000" classname="lecture04.CounterTest" time="0.001"/>
  <testcase name="repetition 794 of 1000" classname="lecture04.CounterTest" time="0.001"/>
  <testcase name="repetition 795 of 1000" classname="lecture04.CounterTest" time="0.001"/>
  <testcase name="repetition 796 of 1000" classname="lecture04.CounterTest" time="0.0"/>
  <testcase name="repetition 797 of 1000" classname="lecture04.CounterTest" time="0.0"/>
  <testcase name="repetition 798 of 1000" classname="lecture04.CounterTest" time="0.001"/>
  <testcase name="repetition 799 of 1000" classname="lecture04.CounterTest" time="0.001"/>
  <testcase name="repetition 800 of 1000" classname="lecture04.CounterTest" time="0.0"/>
  <testcase name="repetition 801 of 1000" classname="lecture04.CounterTest" time="0.001"/>
  <testcase name="repetition 802 of 1000" classname="lecture04.CounterTest" time="0.001"/>
  <testcase name="repetition 803 of 1000" classname="lecture04.CounterTest" time="0.0"/>
  <testcase name="repetition 804 of 1000" classname="lecture04.CounterTest" time="0.001"/>
  <testcase name="repetition 805 of 1000" classname="lecture04.CounterTest" time="0.0"/>
  <testcase name="repetition 806 of 1000" classname="lecture04.CounterTest" time="0.0"/>
  <testcase name="repetition 807 of 1000" classname="lecture04.CounterTest" time="0.001"/>
  <testcase name="repetition 808 of 1000" classname="lecture04.CounterTest" time="0.0"/>
  <testcase name="repetition 809 of 1000" classname="lecture04.CounterTest" time="0.001"/>
  <testcase name="repetition 810 of 1000" classname="lecture04.CounterTest" time="0.0"/>
  <testcase name="repetition 811 of 1000" classname="lecture04.CounterTest" time="0.0"/>
  <testcase name="repetition 812 of 1000" classname="lecture04.CounterTest" time="0.001"/>
  <testcase name="repetition 813 of 1000" classname="lecture04.CounterTest" time="0.0"/>
  <testcase name="repetition 814 of 1000" classname="lecture04.CounterTest" time="0.0"/>
  <testcase name="repetition 815 of 1000" classname="lecture04.CounterTest" time="0.001"/>
  <testcase name="repetition 816 of 1000" classname="lecture04.CounterTest" time="0.001"/>
  <testcase name="repetition 817 of 1000" classname="lecture04.CounterTest" time="0.001"/>
  <testcase name="repetition 818 of 1000" classname="lecture04.CounterTest" time="0.001"/>
  <testcase name="repetition 819 of 1000" classname="lecture04.CounterTest" time="0.001"/>
  <testcase name="repetition 820 of 1000" classname="lecture04.CounterTest" time="0.001"/>
  <testcase name="repetition 821 of 1000" classname="lecture04.CounterTest" time="0.001"/>
  <testcase name="repetition 822 of 1000" classname="lecture04.CounterTest" time="0.001"/>
  <testcase name="repetition 823 of 1000" classname="lecture04.CounterTest" time="0.001"/>
  <testcase name="repetition 824 of 1000" classname="lecture04.CounterTest" time="0.0"/>
  <testcase name="repetition 825 of 1000" classname="lecture04.CounterTest" time="0.005"/>
  <testcase name="repetition 826 of 1000" classname="lecture04.CounterTest" time="0.0"/>
  <testcase name="repetition 827 of 1000" classname="lecture04.CounterTest" time="0.0"/>
  <testcase name="repetition 828 of 1000" classname="lecture04.CounterTest" time="0.0"/>
  <testcase name="repetition 829 of 1000" classname="lecture04.CounterTest" time="0.001"/>
  <testcase name="repetition 830 of 1000" classname="lecture04.CounterTest" time="0.001"/>
  <testcase name="repetition 831 of 1000" classname="lecture04.CounterTest" time="0.001"/>
  <testcase name="repetition 832 of 1000" classname="lecture04.CounterTest" time="0.0"/>
  <testcase name="repetition 833 of 1000" classname="lecture04.CounterTest" time="0.0"/>
  <testcase name="repetition 834 of 1000" classname="lecture04.CounterTest" time="0.001"/>
  <testcase name="repetition 835 of 1000" classname="lecture04.CounterTest" time="0.001"/>
  <testcase name="repetition 836 of 1000" classname="lecture04.CounterTest" time="0.001"/>
  <testcase name="repetition 837 of 1000" classname="lecture04.CounterTest" time="0.001"/>
  <testcase name="repetition 838 of 1000" classname="lecture04.CounterTest" time="0.001"/>
  <testcase name="repetition 839 of 1000" classname="lecture04.CounterTest" time="0.0"/>
  <testcase name="repetition 840 of 1000" classname="lecture04.CounterTest" time="0.0"/>
  <testcase name="repetition 841 of 1000" classname="lecture04.CounterTest" time="0.0"/>
  <testcase name="repetition 842 of 1000" classname="lecture04.CounterTest" time="0.001"/>
  <testcase name="repetition 843 of 1000" classname="lecture04.CounterTest" time="0.0"/>
  <testcase name="repetition 844 of 1000" classname="lecture04.CounterTest" time="0.001"/>
  <testcase name="repetition 845 of 1000" classname="lecture04.CounterTest" time="0.0"/>
  <testcase name="repetition 846 of 1000" classname="lecture04.CounterTest" time="0.0"/>
  <testcase name="repetition 847 of 1000" classname="lecture04.CounterTest" time="0.001"/>
  <testcase name="repetition 848 of 1000" classname="lecture04.CounterTest" time="0.001"/>
  <testcase name="repetition 849 of 1000" classname="lecture04.CounterTest" time="0.001"/>
  <testcase name="repetition 850 of 1000" classname="lecture04.CounterTest" time="0.0"/>
  <testcase name="repetition 851 of 1000" classname="lecture04.CounterTest" time="0.0"/>
  <testcase name="repetition 852 of 1000" classname="lecture04.CounterTest" time="0.0"/>
  <testcase name="repetition 853 of 1000" classname="lecture04.CounterTest" time="0.001"/>
  <testcase name="repetition 854 of 1000" classname="lecture04.CounterTest" time="0.001"/>
  <testcase name="repetition 855 of 1000" classname="lecture04.CounterTest" time="0.001"/>
  <testcase name="repetition 856 of 1000" classname="lecture04.CounterTest" time="0.001"/>
  <testcase name="repetition 857 of 1000" classname="lecture04.CounterTest" time="0.001"/>
  <testcase name="repetition 858 of 1000" classname="lecture04.CounterTest" time="0.001"/>
  <testcase name="repetition 859 of 1000" classname="lecture04.CounterTest" time="0.0"/>
  <testcase name="repetition 860 of 1000" classname="lecture04.CounterTest" time="0.001"/>
  <testcase name="repetition 861 of 1000" classname="lecture04.CounterTest" time="0.001"/>
  <testcase name="repetition 862 of 1000" classname="lecture04.CounterTest" time="0.001"/>
  <testcase name="repetition 863 of 1000" classname="lecture04.CounterTest" time="0.0"/>
  <testcase name="repetition 864 of 1000" classname="lecture04.CounterTest" time="0.0"/>
  <testcase name="repetition 865 of 1000" classname="lecture04.CounterTest" time="0.001"/>
  <testcase name="repetition 866 of 1000" classname="lecture04.CounterTest" time="0.001"/>
  <testcase name="repetition 867 of 1000" classname="lecture04.CounterTest" time="0.001"/>
  <testcase name="repetition 868 of 1000" classname="lecture04.CounterTest" time="0.001"/>
  <testcase name="repetition 869 of 1000" classname="lecture04.CounterTest" time="0.001"/>
  <testcase name="repetition 870 of 1000" classname="lecture04.CounterTest" time="0.001"/>
  <testcase name="repetition 871 of 1000" classname="lecture04.CounterTest" time="0.001"/>
  <testcase name="repetition 872 of 1000" classname="lecture04.CounterTest" time="0.0"/>
  <testcase name="repetition 873 of 1000" classname="lecture04.CounterTest" time="0.0"/>
  <testcase name="repetition 874 of 1000" classname="lecture04.CounterTest" time="0.001"/>
  <testcase name="repetition 875 of 1000" classname="lecture04.CounterTest" time="0.006"/>
  <testcase name="repetition 876 of 1000" classname="lecture04.CounterTest" time="0.005"/>
  <testcase name="repetition 877 of 1000" classname="lecture04.CounterTest" time="0.013"/>
  <testcase name="repetition 878 of 1000" classname="lecture04.CounterTest" time="0.001"/>
  <testcase name="repetition 879 of 1000" classname="lecture04.CounterTest" time="0.006"/>
  <testcase name="repetition 880 of 1000" classname="lecture04.CounterTest" time="0.003"/>
  <testcase name="repetition 881 of 1000" classname="lecture04.CounterTest" time="0.001"/>
  <testcase name="repetition 882 of 1000" classname="lecture04.CounterTest" time="0.001"/>
  <testcase name="repetition 883 of 1000" classname="lecture04.CounterTest" time="0.004"/>
  <testcase name="repetition 884 of 1000" classname="lecture04.CounterTest" time="0.001"/>
  <testcase name="repetition 885 of 1000" classname="lecture04.CounterTest" time="0.001"/>
  <testcase name="repetition 886 of 1000" classname="lecture04.CounterTest" time="0.003"/>
  <testcase name="repetition 887 of 1000" classname="lecture04.CounterTest" time="0.011"/>
  <testcase name="repetition 888 of 1000" classname="lecture04.CounterTest" time="0.001"/>
  <testcase name="repetition 889 of 1000" classname="lecture04.CounterTest" time="0.001"/>
  <testcase name="repetition 890 of 1000" classname="lecture04.CounterTest" time="0.003"/>
  <testcase name="repetition 891 of 1000" classname="lecture04.CounterTest" time="0.003"/>
  <testcase name="repetition 892 of 1000" classname="lecture04.CounterTest" time="0.003"/>
  <testcase name="repetition 893 of 1000" classname="lecture04.CounterTest" time="0.001"/>
  <testcase name="repetition 894 of 1000" classname="lecture04.CounterTest" time="0.001"/>
  <testcase name="repetition 895 of 1000" classname="lecture04.CounterTest" time="0.003"/>
  <testcase name="repetition 896 of 1000" classname="lecture04.CounterTest" time="0.006"/>
  <testcase name="repetition 897 of 1000" classname="lecture04.CounterTest" time="0.005"/>
  <testcase name="repetition 898 of 1000" classname="lecture04.CounterTest" time="0.001"/>
  <testcase name="repetition 899 of 1000" classname="lecture04.CounterTest" time="0.001"/>
  <testcase name="repetition 900 of 1000" classname="lecture04.CounterTest" time="0.002"/>
  <testcase name="repetition 901 of 1000" classname="lecture04.CounterTest" time="0.0"/>
  <testcase name="repetition 902 of 1000" classname="lecture04.CounterTest" time="0.001"/>
  <testcase name="repetition 903 of 1000" classname="lecture04.CounterTest" time="0.001"/>
  <testcase name="repetition 904 of 1000" classname="lecture04.CounterTest" time="0.001"/>
  <testcase name="repetition 905 of 1000" classname="lecture04.CounterTest" time="0.001"/>
  <testcase name="repetition 906 of 1000" classname="lecture04.CounterTest" time="0.001"/>
  <testcase name="repetition 907 of 1000" classname="lecture04.CounterTest" time="0.001"/>
  <testcase name="repetition 908 of 1000" classname="lecture04.CounterTest" time="0.001"/>
  <testcase name="repetition 909 of 1000" classname="lecture04.CounterTest" time="0.001"/>
  <testcase name="repetition 910 of 1000" classname="lecture04.CounterTest" time="0.001"/>
  <testcase name="repetition 911 of 1000" classname="lecture04.CounterTest" time="0.001"/>
  <testcase name="repetition 912 of 1000" classname="lecture04.CounterTest" time="0.0"/>
  <testcase name="repetition 913 of 1000" classname="lecture04.CounterTest" time="0.0"/>
  <testcase name="repetition 914 of 1000" classname="lecture04.CounterTest" time="0.002"/>
  <testcase name="repetition 915 of 1000" classname="lecture04.CounterTest" time="0.0"/>
  <testcase name="repetition 916 of 1000" classname="lecture04.CounterTest" time="0.001"/>
  <testcase name="repetition 917 of 1000" classname="lecture04.CounterTest" time="0.001"/>
  <testcase name="repetition 918 of 1000" classname="lecture04.CounterTest" time="0.001"/>
  <testcase name="repetition 919 of 1000" classname="lecture04.CounterTest" time="0.0"/>
  <testcase name="repetition 920 of 1000" classname="lecture04.CounterTest" time="0.0"/>
  <testcase name="repetition 921 of 1000" classname="lecture04.CounterTest" time="0.0"/>
  <testcase name="repetition 922 of 1000" classname="lecture04.CounterTest" time="0.001"/>
  <testcase name="repetition 923 of 1000" classname="lecture04.CounterTest" time="0.001"/>
  <testcase name="repetition 924 of 1000" classname="lecture04.CounterTest" time="0.001"/>
  <testcase name="repetition 925 of 1000" classname="lecture04.CounterTest" time="0.001"/>
  <testcase name="repetition 926 of 1000" classname="lecture04.CounterTest" time="0.001"/>
  <testcase name="repetition 927 of 1000" classname="lecture04.CounterTest" time="0.0"/>
  <testcase name="repetition 928 of 1000" classname="lecture04.CounterTest" time="0.001"/>
  <testcase name="repetition 929 of 1000" classname="lecture04.CounterTest" time="0.001"/>
  <testcase name="repetition 930 of 1000" classname="lecture04.CounterTest" time="0.001"/>
  <testcase name="repetition 931 of 1000" classname="lecture04.CounterTest" time="0.001"/>
  <testcase name="repetition 932 of 1000" classname="lecture04.CounterTest" time="0.0"/>
  <testcase name="repetition 933 of 1000" classname="lecture04.CounterTest" time="0.0"/>
  <testcase name="repetition 934 of 1000" classname="lecture04.CounterTest" time="0.001"/>
  <testcase name="repetition 935 of 1000" classname="lecture04.CounterTest" time="0.001"/>
  <testcase name="repetition 936 of 1000" classname="lecture04.CounterTest" time="0.0"/>
  <testcase name="repetition 937 of 1000" classname="lecture04.CounterTest" time="0.0"/>
  <testcase name="repetition 938 of 1000" classname="lecture04.CounterTest" time="0.0"/>
  <testcase name="repetition 939 of 1000" classname="lecture04.CounterTest" time="0.001"/>
  <testcase name="repetition 940 of 1000" classname="lecture04.CounterTest" time="0.0"/>
  <testcase name="repetition 941 of 1000" classname="lecture04.CounterTest" time="0.0"/>
  <testcase name="repetition 942 of 1000" classname="lecture04.CounterTest" time="0.0"/>
  <testcase name="repetition 943 of 1000" classname="lecture04.CounterTest" time="0.001"/>
  <testcase name="repetition 944 of 1000" classname="lecture04.CounterTest" time="0.001"/>
  <testcase name="repetition 945 of 1000" classname="lecture04.CounterTest" time="0.001"/>
  <testcase name="repetition 946 of 1000" classname="lecture04.CounterTest" time="0.0"/>
  <testcase name="repetition 947 of 1000" classname="lecture04.CounterTest" time="0.0"/>
  <testcase name="repetition 948 of 1000" classname="lecture04.CounterTest" time="0.001"/>
  <testcase name="repetition 949 of 1000" classname="lecture04.CounterTest" time="0.001"/>
  <testcase name="repetition 950 of 1000" classname="lecture04.CounterTest" time="0.001"/>
  <testcase name="repetition 951 of 1000" classname="lecture04.CounterTest" time="0.001"/>
  <testcase name="repetition 952 of 1000" classname="lecture04.CounterTest" time="0.001"/>
  <testcase name="repetition 953 of 1000" classname="lecture04.CounterTest" time="0.001"/>
  <testcase name="repetition 954 of 1000" classname="lecture04.CounterTest" time="0.0"/>
  <testcase name="repetition 955 of 1000" classname="lecture04.CounterTest" time="0.001"/>
  <testcase name="repetition 956 of 1000" classname="lecture04.CounterTest" time="0.0"/>
  <testcase name="repetition 957 of 1000" classname="lecture04.CounterTest" time="0.001"/>
  <testcase name="repetition 958 of 1000" classname="lecture04.CounterTest" time="0.0"/>
  <testcase name="repetition 959 of 1000" classname="lecture04.CounterTest" time="0.0"/>
  <testcase name="repetition 960 of 1000" classname="lecture04.CounterTest" time="0.001"/>
  <testcase name="repetition 961 of 1000" classname="lecture04.CounterTest" time="0.0"/>
  <testcase name="repetition 962 of 1000" classname="lecture04.CounterTest" time="0.0"/>
  <testcase name="repetition 963 of 1000" classname="lecture04.CounterTest" time="0.0"/>
  <testcase name="repetition 964 of 1000" classname="lecture04.CounterTest" time="0.001"/>
  <testcase name="repetition 965 of 1000" classname="lecture04.CounterTest" time="0.0"/>
  <testcase name="repetition 966 of 1000" classname="lecture04.CounterTest" time="0.0"/>
  <testcase name="repetition 967 of 1000" classname="lecture04.CounterTest" time="0.001"/>
  <testcase name="repetition 968 of 1000" classname="lecture04.CounterTest" time="0.001"/>
  <testcase name="repetition 969 of 1000" classname="lecture04.CounterTest" time="0.001"/>
  <testcase name="repetition 970 of 1000" classname="lecture04.CounterTest" time="0.0"/>
  <testcase name="repetition 971 of 1000" classname="lecture04.CounterTest" time="0.0"/>
  <testcase name="repetition 972 of 1000" classname="lecture04.CounterTest" time="0.0"/>
  <testcase name="repetition 973 of 1000" classname="lecture04.CounterTest" time="0.001"/>
  <testcase name="repetition 974 of 1000" classname="lecture04.CounterTest" time="0.0"/>
  <testcase name="repetition 975 of 1000" classname="lecture04.CounterTest" time="0.001"/>
  <testcase name="repetition 976 of 1000" classname="lecture04.CounterTest" time="0.001"/>
  <testcase name="repetition 977 of 1000" classname="lecture04.CounterTest" time="0.001"/>
  <testcase name="repetition 978 of 1000" classname="lecture04.CounterTest" time="0.001"/>
  <testcase name="repetition 979 of 1000" classname="lecture04.CounterTest" time="0.001"/>
  <testcase name="repetition 980 of 1000" classname="lecture04.CounterTest" time="0.0"/>
  <testcase name="repetition 981 of 1000" classname="lecture04.CounterTest" time="0.0"/>
  <testcase name="repetition 982 of 1000" classname="lecture04.CounterTest" time="0.0"/>
  <testcase name="repetition 983 of 1000" classname="lecture04.CounterTest" time="0.001"/>
  <testcase name="repetition 984 of 1000" classname="lecture04.CounterTest" time="0.0"/>
  <testcase name="repetition 985 of 1000" classname="lecture04.CounterTest" time="0.0"/>
  <testcase name="repetition 986 of 1000" classname="lecture04.CounterTest" time="0.0"/>
  <testcase name="repetition 987 of 1000" classname="lecture04.CounterTest" time="0.001"/>
  <testcase name="repetition 988 of 1000" classname="lecture04.CounterTest" time="0.001"/>
  <testcase name="repetition 989 of 1000" classname="lecture04.CounterTest" time="0.0"/>
  <testcase name="repetition 990 of 1000" classname="lecture04.CounterTest" time="0.0"/>
  <testcase name="repetition 991 of 1000" classname="lecture04.CounterTest" time="0.002"/>
  <testcase name="repetition 992 of 1000" classname="lecture04.CounterTest" time="0.001"/>
  <testcase name="repetition 993 of 1000" classname="lecture04.CounterTest" time="0.001"/>
  <testcase name="repetition 994 of 1000" classname="lecture04.CounterTest" time="0.001"/>
  <testcase name="repetition 995 of 1000" classname="lecture04.CounterTest" time="0.0"/>
  <testcase name="repetition 996 of 1000" classname="lecture04.CounterTest" time="0.001"/>
  <testcase name="repetition 997 of 1000" classname="lecture04.CounterTest" time="0.001"/>
  <testcase name="repetition 998 of 1000" classname="lecture04.CounterTest" time="0.001"/>
  <testcase name="repetition 999 of 1000" classname="lecture04.CounterTest" time="0.001"/>
  <testcase name="repetition 1000 of 1000" classname="lecture04.CounterTest" time="0.0"/>
  <testcase name="Counter Sequential" classname="lecture04.CounterTest" time="0.001">
    <skipped/>
  </testcase>
  <system-out><![CDATA[]]></system-out>
  <system-err><![CDATA[]]></system-err>
</testsuite>
